[2025-11-01T11:32:01.696+0000] {local_task_job_runner.py:120} INFO - ::group::Pre task execution logs
[2025-11-01T11:32:01.710+0000] {taskinstance.py:2076} INFO - Dependencies all met for dep_context=non-requeueable deps ti=<TaskInstance: refresh_intl_dag.refresh_intl_pipeline manual__2025-11-01T11:10:11+00:00 [queued]>
[2025-11-01T11:32:01.715+0000] {taskinstance.py:2076} INFO - Dependencies all met for dep_context=requeueable deps ti=<TaskInstance: refresh_intl_dag.refresh_intl_pipeline manual__2025-11-01T11:10:11+00:00 [queued]>
[2025-11-01T11:32:01.715+0000] {taskinstance.py:2306} INFO - Starting attempt 2 of 2
[2025-11-01T11:32:01.722+0000] {taskinstance.py:2330} INFO - Executing <Task(PythonOperator): refresh_intl_pipeline> on 2025-11-01 11:10:11+00:00
[2025-11-01T11:32:01.727+0000] {warnings.py:112} WARNING - /home/***/.local/lib/python3.12/site-packages/***/task/task_runner/standard_task_runner.py:62: DeprecationWarning: This process (pid=158) is multi-threaded, use of fork() may lead to deadlocks in the child.
  pid = os.fork()

[2025-11-01T11:32:01.728+0000] {standard_task_runner.py:64} INFO - Started process 178 to run task
[2025-11-01T11:32:01.728+0000] {standard_task_runner.py:90} INFO - Running: ['***', 'tasks', 'run', 'refresh_intl_dag', 'refresh_intl_pipeline', 'manual__2025-11-01T11:10:11+00:00', '--job-id', '7', '--raw', '--subdir', 'DAGS_FOLDER/qi_refresh_intl.py', '--cfg-path', '/tmp/tmpiy4z7p0_']
[2025-11-01T11:32:01.730+0000] {standard_task_runner.py:91} INFO - Job 7: Subtask refresh_intl_pipeline
[2025-11-01T11:32:01.759+0000] {task_command.py:426} INFO - Running <TaskInstance: refresh_intl_dag.refresh_intl_pipeline manual__2025-11-01T11:10:11+00:00 [running]> on host 85113e10ca45
[2025-11-01T11:32:01.805+0000] {taskinstance.py:2648} INFO - Exporting env vars: AIRFLOW_CTX_DAG_OWNER='samuel' AIRFLOW_CTX_DAG_ID='refresh_intl_dag' AIRFLOW_CTX_TASK_ID='refresh_intl_pipeline' AIRFLOW_CTX_EXECUTION_DATE='2025-11-01T11:10:11+00:00' AIRFLOW_CTX_TRY_NUMBER='2' AIRFLOW_CTX_DAG_RUN_ID='manual__2025-11-01T11:10:11+00:00'
[2025-11-01T11:32:01.806+0000] {taskinstance.py:430} INFO - ::endgroup::
[2025-11-01T11:32:01.821+0000] {taskinstance.py:441} INFO - ::group::Post task execution logs
[2025-11-01T11:32:01.822+0000] {taskinstance.py:2905} ERROR - Task failed with exception
Traceback (most recent call last):
  File "/home/airflow/.local/lib/python3.12/site-packages/airflow/models/taskinstance.py", line 465, in _execute_task
    result = _execute_callable(context=context, **execute_callable_kwargs)
             ^^^^^^^^^^^^^^^^^^^^^^^^^^^^^^^^^^^^^^^^^^^^^^^^^^^^^^^^^^^^^
  File "/home/airflow/.local/lib/python3.12/site-packages/airflow/models/taskinstance.py", line 432, in _execute_callable
    return execute_callable(context=context, **execute_callable_kwargs)
           ^^^^^^^^^^^^^^^^^^^^^^^^^^^^^^^^^^^^^^^^^^^^^^^^^^^^^^^^^^^^
  File "/home/airflow/.local/lib/python3.12/site-packages/airflow/models/baseoperator.py", line 401, in wrapper
    return func(self, *args, **kwargs)
           ^^^^^^^^^^^^^^^^^^^^^^^^^^^
  File "/home/airflow/.local/lib/python3.12/site-packages/airflow/operators/python.py", line 235, in execute
    return_value = self.execute_callable()
                   ^^^^^^^^^^^^^^^^^^^^^^^
  File "/home/airflow/.local/lib/python3.12/site-packages/airflow/operators/python.py", line 252, in execute_callable
    return self.python_callable(*self.op_args, **self.op_kwargs)
           ^^^^^^^^^^^^^^^^^^^^^^^^^^^^^^^^^^^^^^^^^^^^^^^^^^^^^
  File "/opt/airflow/dags/qi_refresh_intl.py", line 151, in _run_refresh_intl
    _validate_env()
  File "/opt/airflow/dags/qi_refresh_intl.py", line 144, in _validate_env
    raise RuntimeError(f"Missing required environment variables: {missing}")
RuntimeError: Missing required environment variables: ['CH_HOST', 'CH_PORT', 'CLICKHOUSE_USER', 'CLICKHOUSE_PASSWORD', 'CLICKHOUSE_DB']
[2025-11-01T11:32:01.829+0000] {taskinstance.py:1206} INFO - Marking task as FAILED. dag_id=refresh_intl_dag, task_id=refresh_intl_pipeline, run_id=manual__2025-11-01T11:10:11+00:00, execution_date=20251101T111011, start_date=20251101T113201, end_date=20251101T113201
[2025-11-01T11:32:01.835+0000] {standard_task_runner.py:110} ERROR - Failed to execute job 7 for task refresh_intl_pipeline (Missing required environment variables: ['CH_HOST', 'CH_PORT', 'CLICKHOUSE_USER', 'CLICKHOUSE_PASSWORD', 'CLICKHOUSE_DB']; 178)
[2025-11-01T11:32:01.867+0000] {local_task_job_runner.py:243} INFO - Task exited with return code 1
[2025-11-01T11:32:01.881+0000] {taskinstance.py:3503} INFO - 0 downstream tasks scheduled from follow-on schedule check
[2025-11-01T11:32:01.884+0000] {local_task_job_runner.py:222} INFO - ::endgroup::
