[2025-11-10T10:30:43.642+0000] {local_task_job_runner.py:120} INFO - ::group::Pre task execution logs
[2025-11-10T10:30:43.655+0000] {taskinstance.py:2076} INFO - Dependencies all met for dep_context=non-requeueable deps ti=<TaskInstance: refresh_intl_dag.dbt_aggregates manual__2025-11-10T10:29:57.268733+00:00 [queued]>
[2025-11-10T10:30:43.658+0000] {taskinstance.py:2076} INFO - Dependencies all met for dep_context=requeueable deps ti=<TaskInstance: refresh_intl_dag.dbt_aggregates manual__2025-11-10T10:29:57.268733+00:00 [queued]>
[2025-11-10T10:30:43.659+0000] {taskinstance.py:2306} INFO - Starting attempt 1 of 2
[2025-11-10T10:30:43.663+0000] {taskinstance.py:2330} INFO - Executing <Task(BashOperator): dbt_aggregates> on 2025-11-10 10:29:57.268733+00:00
[2025-11-10T10:30:43.668+0000] {warnings.py:112} WARNING - /home/***/.local/lib/python3.12/site-packages/***/task/task_runner/standard_task_runner.py:62: DeprecationWarning: This process (pid=214) is multi-threaded, use of fork() may lead to deadlocks in the child.
  pid = os.fork()

[2025-11-10T10:30:43.669+0000] {standard_task_runner.py:90} INFO - Running: ['***', 'tasks', 'run', 'refresh_intl_dag', 'dbt_aggregates', 'manual__2025-11-10T10:29:57.268733+00:00', '--job-id', '39', '--raw', '--subdir', 'DAGS_FOLDER/qi_refresh_intl.py', '--cfg-path', '/tmp/tmpjs7i1l04']
[2025-11-10T10:30:43.670+0000] {standard_task_runner.py:64} INFO - Started process 217 to run task
[2025-11-10T10:30:43.670+0000] {standard_task_runner.py:91} INFO - Job 39: Subtask dbt_aggregates
[2025-11-10T10:30:43.744+0000] {taskinstance.py:2648} INFO - Exporting env vars: AIRFLOW_CTX_DAG_OWNER='samuel' AIRFLOW_CTX_DAG_ID='refresh_intl_dag' AIRFLOW_CTX_TASK_ID='dbt_aggregates' AIRFLOW_CTX_EXECUTION_DATE='2025-11-10T10:29:57.268733+00:00' AIRFLOW_CTX_TRY_NUMBER='1' AIRFLOW_CTX_DAG_RUN_ID='manual__2025-11-10T10:29:57.268733+00:00'
[2025-11-10T10:30:43.745+0000] {taskinstance.py:430} INFO - ::endgroup::
[2025-11-10T10:30:43.751+0000] {subprocess.py:63} INFO - Tmp dir root location: /tmp
[2025-11-10T10:30:43.752+0000] {subprocess.py:75} INFO - Running command: ['/usr/bin/bash', '-c', 'cd /opt/***/dags/src/qi/dbt_project && dbt deps && dbt run --select market.weekly_prices market.monthly_prices market.quarterly_prices']
[2025-11-10T10:30:43.758+0000] {subprocess.py:86} INFO - Output:
[2025-11-10T10:30:43.762+0000] {subprocess.py:93} INFO - /usr/bin/bash: line 1: dbt: command not found
[2025-11-10T10:30:43.762+0000] {subprocess.py:97} INFO - Command exited with return code 127
[2025-11-10T10:30:43.763+0000] {taskinstance.py:441} INFO - ::group::Post task execution logs
[2025-11-10T10:30:43.771+0000] {taskinstance.py:2905} ERROR - Task failed with exception
Traceback (most recent call last):
  File "/home/airflow/.local/lib/python3.12/site-packages/airflow/models/taskinstance.py", line 465, in _execute_task
    result = _execute_callable(context=context, **execute_callable_kwargs)
             ^^^^^^^^^^^^^^^^^^^^^^^^^^^^^^^^^^^^^^^^^^^^^^^^^^^^^^^^^^^^^
  File "/home/airflow/.local/lib/python3.12/site-packages/airflow/models/taskinstance.py", line 432, in _execute_callable
    return execute_callable(context=context, **execute_callable_kwargs)
           ^^^^^^^^^^^^^^^^^^^^^^^^^^^^^^^^^^^^^^^^^^^^^^^^^^^^^^^^^^^^
  File "/home/airflow/.local/lib/python3.12/site-packages/airflow/models/baseoperator.py", line 401, in wrapper
    return func(self, *args, **kwargs)
           ^^^^^^^^^^^^^^^^^^^^^^^^^^^
  File "/home/airflow/.local/lib/python3.12/site-packages/airflow/operators/bash.py", line 243, in execute
    raise AirflowException(
airflow.exceptions.AirflowException: Bash command failed. The command returned a non-zero exit code 127.
[2025-11-10T10:30:43.773+0000] {taskinstance.py:1206} INFO - Marking task as UP_FOR_RETRY. dag_id=refresh_intl_dag, task_id=dbt_aggregates, run_id=manual__2025-11-10T10:29:57.268733+00:00, execution_date=20251110T102957, start_date=20251110T103043, end_date=20251110T103043
[2025-11-10T10:30:43.779+0000] {standard_task_runner.py:110} ERROR - Failed to execute job 39 for task dbt_aggregates (Bash command failed. The command returned a non-zero exit code 127.; 217)
[2025-11-10T10:30:43.812+0000] {local_task_job_runner.py:243} INFO - Task exited with return code 1
[2025-11-10T10:30:43.823+0000] {taskinstance.py:3503} INFO - 0 downstream tasks scheduled from follow-on schedule check
[2025-11-10T10:30:43.824+0000] {local_task_job_runner.py:222} INFO - ::endgroup::
