[2025-11-10T12:45:53.114+0000] {local_task_job_runner.py:120} INFO - ::group::Pre task execution logs
[2025-11-10T12:45:53.130+0000] {taskinstance.py:2076} INFO - Dependencies all met for dep_context=non-requeueable deps ti=<TaskInstance: build_aggregates_weekly.dbt_run_weekly manual__2025-11-10T12:45:52.530961+00:00 [queued]>
[2025-11-10T12:45:53.135+0000] {taskinstance.py:2076} INFO - Dependencies all met for dep_context=requeueable deps ti=<TaskInstance: build_aggregates_weekly.dbt_run_weekly manual__2025-11-10T12:45:52.530961+00:00 [queued]>
[2025-11-10T12:45:53.135+0000] {taskinstance.py:2306} INFO - Starting attempt 1 of 2
[2025-11-10T12:45:53.141+0000] {taskinstance.py:2330} INFO - Executing <Task(BashOperator): dbt_run_weekly> on 2025-11-10 12:45:52.530961+00:00
[2025-11-10T12:45:53.144+0000] {warnings.py:112} WARNING - /home/***/.local/lib/python3.12/site-packages/***/task/task_runner/standard_task_runner.py:62: DeprecationWarning: This process (pid=380) is multi-threaded, use of fork() may lead to deadlocks in the child.
  pid = os.fork()

[2025-11-10T12:45:53.146+0000] {standard_task_runner.py:64} INFO - Started process 381 to run task
[2025-11-10T12:45:53.146+0000] {standard_task_runner.py:90} INFO - Running: ['***', 'tasks', 'run', 'build_aggregates_weekly', 'dbt_run_weekly', 'manual__2025-11-10T12:45:52.530961+00:00', '--job-id', '45', '--raw', '--subdir', 'DAGS_FOLDER/qi_aggregate_dbt.py', '--cfg-path', '/tmp/tmpmth7ahxx']
[2025-11-10T12:45:53.147+0000] {standard_task_runner.py:91} INFO - Job 45: Subtask dbt_run_weekly
[2025-11-10T12:45:53.231+0000] {taskinstance.py:2648} INFO - Exporting env vars: AIRFLOW_CTX_DAG_OWNER='samuel' AIRFLOW_CTX_DAG_ID='build_aggregates_weekly' AIRFLOW_CTX_TASK_ID='dbt_run_weekly' AIRFLOW_CTX_EXECUTION_DATE='2025-11-10T12:45:52.530961+00:00' AIRFLOW_CTX_TRY_NUMBER='1' AIRFLOW_CTX_DAG_RUN_ID='manual__2025-11-10T12:45:52.530961+00:00'
[2025-11-10T12:45:53.232+0000] {taskinstance.py:430} INFO - ::endgroup::
[2025-11-10T12:45:53.238+0000] {subprocess.py:63} INFO - Tmp dir root location: /tmp
[2025-11-10T12:45:53.240+0000] {subprocess.py:75} INFO - Running command: ['/usr/bin/bash', '-c', 'set -euo pipefail; cd /opt/***/dags/src/qi/dbt_project; dbt deps; dbt build --select tag:agg_weekly --fail-fast']
[2025-11-10T12:45:53.246+0000] {subprocess.py:86} INFO - Output:
[2025-11-10T12:45:53.249+0000] {subprocess.py:93} INFO - /usr/bin/bash: line 1: dbt: command not found
[2025-11-10T12:45:53.250+0000] {subprocess.py:97} INFO - Command exited with return code 127
[2025-11-10T12:45:53.250+0000] {taskinstance.py:441} INFO - ::group::Post task execution logs
[2025-11-10T12:45:53.258+0000] {taskinstance.py:2905} ERROR - Task failed with exception
Traceback (most recent call last):
  File "/home/airflow/.local/lib/python3.12/site-packages/airflow/models/taskinstance.py", line 465, in _execute_task
    result = _execute_callable(context=context, **execute_callable_kwargs)
             ^^^^^^^^^^^^^^^^^^^^^^^^^^^^^^^^^^^^^^^^^^^^^^^^^^^^^^^^^^^^^
  File "/home/airflow/.local/lib/python3.12/site-packages/airflow/models/taskinstance.py", line 432, in _execute_callable
    return execute_callable(context=context, **execute_callable_kwargs)
           ^^^^^^^^^^^^^^^^^^^^^^^^^^^^^^^^^^^^^^^^^^^^^^^^^^^^^^^^^^^^
  File "/home/airflow/.local/lib/python3.12/site-packages/airflow/models/baseoperator.py", line 401, in wrapper
    return func(self, *args, **kwargs)
           ^^^^^^^^^^^^^^^^^^^^^^^^^^^
  File "/home/airflow/.local/lib/python3.12/site-packages/airflow/operators/bash.py", line 243, in execute
    raise AirflowException(
airflow.exceptions.AirflowException: Bash command failed. The command returned a non-zero exit code 127.
[2025-11-10T12:45:53.262+0000] {taskinstance.py:1206} INFO - Marking task as UP_FOR_RETRY. dag_id=build_aggregates_weekly, task_id=dbt_run_weekly, run_id=manual__2025-11-10T12:45:52.530961+00:00, execution_date=20251110T124552, start_date=20251110T124553, end_date=20251110T124553
[2025-11-10T12:45:53.267+0000] {standard_task_runner.py:110} ERROR - Failed to execute job 45 for task dbt_run_weekly (Bash command failed. The command returned a non-zero exit code 127.; 381)
[2025-11-10T12:45:53.285+0000] {local_task_job_runner.py:243} INFO - Task exited with return code 1
[2025-11-10T12:45:53.296+0000] {taskinstance.py:3503} INFO - 0 downstream tasks scheduled from follow-on schedule check
[2025-11-10T12:45:53.296+0000] {local_task_job_runner.py:222} INFO - ::endgroup::
