[2025-11-10T07:27:53.301+0000] {local_task_job_runner.py:120} INFO - ::group::Pre task execution logs
[2025-11-10T07:27:53.313+0000] {taskinstance.py:2076} INFO - Dependencies all met for dep_context=non-requeueable deps ti=<TaskInstance: refresh_intl_dag.refresh_intl_pipeline manual__2025-11-10T07:27:51.975905+00:00 [queued]>
[2025-11-10T07:27:53.316+0000] {taskinstance.py:2076} INFO - Dependencies all met for dep_context=requeueable deps ti=<TaskInstance: refresh_intl_dag.refresh_intl_pipeline manual__2025-11-10T07:27:51.975905+00:00 [queued]>
[2025-11-10T07:27:53.317+0000] {taskinstance.py:2306} INFO - Starting attempt 1 of 2
[2025-11-10T07:27:53.322+0000] {taskinstance.py:2330} INFO - Executing <Task(PythonOperator): refresh_intl_pipeline> on 2025-11-10 07:27:51.975905+00:00
[2025-11-10T07:27:53.325+0000] {warnings.py:112} WARNING - /home/***/.local/lib/python3.12/site-packages/***/task/task_runner/standard_task_runner.py:62: DeprecationWarning: This process (pid=106) is multi-threaded, use of fork() may lead to deadlocks in the child.
  pid = os.fork()

[2025-11-10T07:27:53.326+0000] {standard_task_runner.py:64} INFO - Started process 108 to run task
[2025-11-10T07:27:53.327+0000] {standard_task_runner.py:90} INFO - Running: ['***', 'tasks', 'run', 'refresh_intl_dag', 'refresh_intl_pipeline', 'manual__2025-11-10T07:27:51.975905+00:00', '--job-id', '27', '--raw', '--subdir', 'DAGS_FOLDER/qi_refresh_intl.py', '--cfg-path', '/tmp/tmpp8u5fcwv']
[2025-11-10T07:27:53.328+0000] {standard_task_runner.py:91} INFO - Job 27: Subtask refresh_intl_pipeline
[2025-11-10T07:27:53.397+0000] {taskinstance.py:2648} INFO - Exporting env vars: AIRFLOW_CTX_DAG_OWNER='samuel' AIRFLOW_CTX_DAG_ID='refresh_intl_dag' AIRFLOW_CTX_TASK_ID='refresh_intl_pipeline' AIRFLOW_CTX_EXECUTION_DATE='2025-11-10T07:27:51.975905+00:00' AIRFLOW_CTX_TRY_NUMBER='1' AIRFLOW_CTX_DAG_RUN_ID='manual__2025-11-10T07:27:51.975905+00:00'
[2025-11-10T07:27:53.398+0000] {taskinstance.py:430} INFO - ::endgroup::
[2025-11-10T07:27:54.886+0000] {connectionpool.py:872} WARNING - Retrying (Retry(total=0, connect=None, read=None, redirect=0, status=None)) after connection broken by 'NewConnectionError('<urllib3.connection.HTTPConnection object at 0xffff66c1b3e0>: Failed to establish a new connection: [Errno 111] Connection refused')': /?
[2025-11-10T07:27:54.886+0000] {httpclient.py:532} WARNING - Unexpected Http Driver Exception
[2025-11-10T07:27:54.887+0000] {taskinstance.py:441} INFO - ::group::Post task execution logs
[2025-11-10T07:27:54.887+0000] {taskinstance.py:2905} ERROR - Task failed with exception
Traceback (most recent call last):
  File "/home/airflow/.local/lib/python3.12/site-packages/urllib3/connection.py", line 203, in _new_conn
    sock = connection.create_connection(
           ^^^^^^^^^^^^^^^^^^^^^^^^^^^^^
  File "/home/airflow/.local/lib/python3.12/site-packages/urllib3/util/connection.py", line 85, in create_connection
    raise err
  File "/home/airflow/.local/lib/python3.12/site-packages/urllib3/util/connection.py", line 73, in create_connection
    sock.connect(sa)
ConnectionRefusedError: [Errno 111] Connection refused

The above exception was the direct cause of the following exception:

Traceback (most recent call last):
  File "/home/airflow/.local/lib/python3.12/site-packages/urllib3/connectionpool.py", line 791, in urlopen
    response = self._make_request(
               ^^^^^^^^^^^^^^^^^^^
  File "/home/airflow/.local/lib/python3.12/site-packages/urllib3/connectionpool.py", line 497, in _make_request
    conn.request(
  File "/home/airflow/.local/lib/python3.12/site-packages/urllib3/connection.py", line 395, in request
    self.endheaders()
  File "/usr/local/lib/python3.12/http/client.py", line 1331, in endheaders
    self._send_output(message_body, encode_chunked=encode_chunked)
  File "/usr/local/lib/python3.12/http/client.py", line 1091, in _send_output
    self.send(msg)
  File "/usr/local/lib/python3.12/http/client.py", line 1035, in send
    self.connect()
  File "/home/airflow/.local/lib/python3.12/site-packages/urllib3/connection.py", line 243, in connect
    self.sock = self._new_conn()
                ^^^^^^^^^^^^^^^^
  File "/home/airflow/.local/lib/python3.12/site-packages/urllib3/connection.py", line 218, in _new_conn
    raise NewConnectionError(
urllib3.exceptions.NewConnectionError: <urllib3.connection.HTTPConnection object at 0xffff66c1b710>: Failed to establish a new connection: [Errno 111] Connection refused

The above exception was the direct cause of the following exception:

Traceback (most recent call last):
  File "/home/airflow/.local/lib/python3.12/site-packages/clickhouse_connect/driver/httpclient.py", line 522, in _raw_request
    response = self.http.request(method, url, **kwargs)
               ^^^^^^^^^^^^^^^^^^^^^^^^^^^^^^^^^^^^^^^^
  File "/home/airflow/.local/lib/python3.12/site-packages/urllib3/_request_methods.py", line 118, in request
    return self.request_encode_body(
           ^^^^^^^^^^^^^^^^^^^^^^^^^
  File "/home/airflow/.local/lib/python3.12/site-packages/urllib3/_request_methods.py", line 217, in request_encode_body
    return self.urlopen(method, url, **extra_kw)
           ^^^^^^^^^^^^^^^^^^^^^^^^^^^^^^^^^^^^^
  File "/home/airflow/.local/lib/python3.12/site-packages/urllib3/poolmanager.py", line 443, in urlopen
    response = conn.urlopen(method, u.request_uri, **kw)
               ^^^^^^^^^^^^^^^^^^^^^^^^^^^^^^^^^^^^^^^^^
  File "/home/airflow/.local/lib/python3.12/site-packages/urllib3/connectionpool.py", line 875, in urlopen
    return self.urlopen(
           ^^^^^^^^^^^^^
  File "/home/airflow/.local/lib/python3.12/site-packages/urllib3/connectionpool.py", line 845, in urlopen
    retries = retries.increment(
              ^^^^^^^^^^^^^^^^^^
  File "/home/airflow/.local/lib/python3.12/site-packages/urllib3/util/retry.py", line 515, in increment
    raise MaxRetryError(_pool, url, reason) from reason  # type: ignore[arg-type]
    ^^^^^^^^^^^^^^^^^^^^^^^^^^^^^^^^^^^^^^^^^^^^^^^^^^^
urllib3.exceptions.MaxRetryError: HTTPConnectionPool(host='localhost', port=8124): Max retries exceeded with url: /? (Caused by NewConnectionError('<urllib3.connection.HTTPConnection object at 0xffff66c1b710>: Failed to establish a new connection: [Errno 111] Connection refused'))

The above exception was the direct cause of the following exception:

Traceback (most recent call last):
  File "/home/airflow/.local/lib/python3.12/site-packages/airflow/models/taskinstance.py", line 465, in _execute_task
    result = _execute_callable(context=context, **execute_callable_kwargs)
             ^^^^^^^^^^^^^^^^^^^^^^^^^^^^^^^^^^^^^^^^^^^^^^^^^^^^^^^^^^^^^
  File "/home/airflow/.local/lib/python3.12/site-packages/airflow/models/taskinstance.py", line 432, in _execute_callable
    return execute_callable(context=context, **execute_callable_kwargs)
           ^^^^^^^^^^^^^^^^^^^^^^^^^^^^^^^^^^^^^^^^^^^^^^^^^^^^^^^^^^^^
  File "/home/airflow/.local/lib/python3.12/site-packages/airflow/models/baseoperator.py", line 401, in wrapper
    return func(self, *args, **kwargs)
           ^^^^^^^^^^^^^^^^^^^^^^^^^^^
  File "/home/airflow/.local/lib/python3.12/site-packages/airflow/operators/python.py", line 235, in execute
    return_value = self.execute_callable()
                   ^^^^^^^^^^^^^^^^^^^^^^^
  File "/home/airflow/.local/lib/python3.12/site-packages/airflow/operators/python.py", line 252, in execute_callable
    return self.python_callable(*self.op_args, **self.op_kwargs)
           ^^^^^^^^^^^^^^^^^^^^^^^^^^^^^^^^^^^^^^^^^^^^^^^^^^^^^
  File "/opt/airflow/dags/qi_refresh_intl.py", line 54, in _run_refresh_intl
    refresh_tickers(TICKERS, lookback_days=21)
  File "/opt/airflow/dags/src/qi/pipelines/yfinance_loader.py", line 52, in refresh_tickers
    delete_window(t, d1, d2)
  File "/opt/airflow/dags/src/qi/load/clickhouse_io.py", line 13, in delete_window
    client = make_clickhouse_client()
             ^^^^^^^^^^^^^^^^^^^^^^^^
  File "/opt/airflow/dags/src/qi/config.py", line 58, in make_clickhouse_client
    return clickhouse_connect.get_client(
           ^^^^^^^^^^^^^^^^^^^^^^^^^^^^^^
  File "/home/airflow/.local/lib/python3.12/site-packages/clickhouse_connect/driver/__init__.py", line 125, in create_client
    return HttpClient(interface, host, port, username, password, database, access_token,
           ^^^^^^^^^^^^^^^^^^^^^^^^^^^^^^^^^^^^^^^^^^^^^^^^^^^^^^^^^^^^^^^^^^^^^^^^^^^^^
  File "/home/airflow/.local/lib/python3.12/site-packages/clickhouse_connect/driver/httpclient.py", line 174, in __init__
    super().__init__(database=database,
  File "/home/airflow/.local/lib/python3.12/site-packages/clickhouse_connect/driver/client.py", line 71, in __init__
    self._init_common_settings(apply_server_timezone)
  File "/home/airflow/.local/lib/python3.12/site-packages/clickhouse_connect/driver/client.py", line 76, in _init_common_settings
    tuple(self.command('SELECT version(), timezone()', use_database=False))
          ^^^^^^^^^^^^^^^^^^^^^^^^^^^^^^^^^^^^^^^^^^^^^^^^^^^^^^^^^^^^^^^^
  File "/home/airflow/.local/lib/python3.12/site-packages/clickhouse_connect/driver/httpclient.py", line 412, in command
    response = self._raw_request(payload, params, headers, method, fields=fields, server_wait=False)
               ^^^^^^^^^^^^^^^^^^^^^^^^^^^^^^^^^^^^^^^^^^^^^^^^^^^^^^^^^^^^^^^^^^^^^^^^^^^^^^^^^^^^^
  File "/home/airflow/.local/lib/python3.12/site-packages/clickhouse_connect/driver/httpclient.py", line 534, in _raw_request
    raise OperationalError(f'Error {ex} executing HTTP request attempt {attempts}{err_url}') from ex
clickhouse_connect.driver.exceptions.OperationalError: Error HTTPConnectionPool(host='localhost', port=8124): Max retries exceeded with url: /? (Caused by NewConnectionError('<urllib3.connection.HTTPConnection object at 0xffff66c1b710>: Failed to establish a new connection: [Errno 111] Connection refused')) executing HTTP request attempt 1 (http://localhost:8124)
[2025-11-10T07:27:54.900+0000] {taskinstance.py:1206} INFO - Marking task as UP_FOR_RETRY. dag_id=refresh_intl_dag, task_id=refresh_intl_pipeline, run_id=manual__2025-11-10T07:27:51.975905+00:00, execution_date=20251110T072751, start_date=20251110T072753, end_date=20251110T072754
[2025-11-10T07:27:54.907+0000] {standard_task_runner.py:110} ERROR - Failed to execute job 27 for task refresh_intl_pipeline (Error HTTPConnectionPool(host='localhost', port=8124): Max retries exceeded with url: /? (Caused by NewConnectionError('<urllib3.connection.HTTPConnection object at 0xffff66c1b710>: Failed to establish a new connection: [Errno 111] Connection refused')) executing HTTP request attempt 1 (http://localhost:8124); 108)
[2025-11-10T07:27:54.912+0000] {local_task_job_runner.py:243} INFO - Task exited with return code 1
[2025-11-10T07:27:54.927+0000] {taskinstance.py:3503} INFO - 0 downstream tasks scheduled from follow-on schedule check
[2025-11-10T07:27:54.928+0000] {local_task_job_runner.py:222} INFO - ::endgroup::
