[2025-11-10T10:37:14.871+0000] {local_task_job_runner.py:120} INFO - ::group::Pre task execution logs
[2025-11-10T10:37:14.883+0000] {taskinstance.py:2076} INFO - Dependencies all met for dep_context=non-requeueable deps ti=<TaskInstance: refresh_us_dag.dbt_aggregates manual__2025-11-10T10:30:00.154079+00:00 [queued]>
[2025-11-10T10:37:14.886+0000] {taskinstance.py:2076} INFO - Dependencies all met for dep_context=requeueable deps ti=<TaskInstance: refresh_us_dag.dbt_aggregates manual__2025-11-10T10:30:00.154079+00:00 [queued]>
[2025-11-10T10:37:14.887+0000] {taskinstance.py:2306} INFO - Starting attempt 2 of 2
[2025-11-10T10:37:14.891+0000] {taskinstance.py:2330} INFO - Executing <Task(BashOperator): dbt_aggregates> on 2025-11-10 10:30:00.154079+00:00
[2025-11-10T10:37:14.895+0000] {warnings.py:112} WARNING - /home/***/.local/lib/python3.12/site-packages/***/task/task_runner/standard_task_runner.py:62: DeprecationWarning: This process (pid=371) is multi-threaded, use of fork() may lead to deadlocks in the child.
  pid = os.fork()

[2025-11-10T10:37:14.896+0000] {standard_task_runner.py:64} INFO - Started process 373 to run task
[2025-11-10T10:37:14.896+0000] {standard_task_runner.py:90} INFO - Running: ['***', 'tasks', 'run', 'refresh_us_dag', 'dbt_aggregates', 'manual__2025-11-10T10:30:00.154079+00:00', '--job-id', '42', '--raw', '--subdir', 'DAGS_FOLDER/qi_refresh_us.py', '--cfg-path', '/tmp/tmpp_to3s_u']
[2025-11-10T10:37:14.898+0000] {standard_task_runner.py:91} INFO - Job 42: Subtask dbt_aggregates
[2025-11-10T10:37:14.967+0000] {taskinstance.py:2648} INFO - Exporting env vars: AIRFLOW_CTX_DAG_OWNER='samuel' AIRFLOW_CTX_DAG_ID='refresh_us_dag' AIRFLOW_CTX_TASK_ID='dbt_aggregates' AIRFLOW_CTX_EXECUTION_DATE='2025-11-10T10:30:00.154079+00:00' AIRFLOW_CTX_TRY_NUMBER='2' AIRFLOW_CTX_DAG_RUN_ID='manual__2025-11-10T10:30:00.154079+00:00'
[2025-11-10T10:37:14.968+0000] {taskinstance.py:430} INFO - ::endgroup::
[2025-11-10T10:37:14.973+0000] {subprocess.py:63} INFO - Tmp dir root location: /tmp
[2025-11-10T10:37:14.974+0000] {subprocess.py:75} INFO - Running command: ['/usr/bin/bash', '-c', 'cd /opt/***/dags/src/qi/dbt_project && dbt deps && dbt run --select market.weekly_prices market.monthly_prices market.quarterly_prices']
[2025-11-10T10:37:14.979+0000] {subprocess.py:86} INFO - Output:
[2025-11-10T10:37:14.980+0000] {subprocess.py:93} INFO - /usr/bin/bash: line 1: dbt: command not found
[2025-11-10T10:37:14.981+0000] {subprocess.py:97} INFO - Command exited with return code 127
[2025-11-10T10:37:14.981+0000] {taskinstance.py:441} INFO - ::group::Post task execution logs
[2025-11-10T10:37:14.988+0000] {taskinstance.py:2905} ERROR - Task failed with exception
Traceback (most recent call last):
  File "/home/airflow/.local/lib/python3.12/site-packages/airflow/models/taskinstance.py", line 465, in _execute_task
    result = _execute_callable(context=context, **execute_callable_kwargs)
             ^^^^^^^^^^^^^^^^^^^^^^^^^^^^^^^^^^^^^^^^^^^^^^^^^^^^^^^^^^^^^
  File "/home/airflow/.local/lib/python3.12/site-packages/airflow/models/taskinstance.py", line 432, in _execute_callable
    return execute_callable(context=context, **execute_callable_kwargs)
           ^^^^^^^^^^^^^^^^^^^^^^^^^^^^^^^^^^^^^^^^^^^^^^^^^^^^^^^^^^^^
  File "/home/airflow/.local/lib/python3.12/site-packages/airflow/models/baseoperator.py", line 401, in wrapper
    return func(self, *args, **kwargs)
           ^^^^^^^^^^^^^^^^^^^^^^^^^^^
  File "/home/airflow/.local/lib/python3.12/site-packages/airflow/operators/bash.py", line 243, in execute
    raise AirflowException(
airflow.exceptions.AirflowException: Bash command failed. The command returned a non-zero exit code 127.
[2025-11-10T10:37:14.990+0000] {taskinstance.py:1206} INFO - Marking task as FAILED. dag_id=refresh_us_dag, task_id=dbt_aggregates, run_id=manual__2025-11-10T10:30:00.154079+00:00, execution_date=20251110T103000, start_date=20251110T103714, end_date=20251110T103714
[2025-11-10T10:37:14.996+0000] {standard_task_runner.py:110} ERROR - Failed to execute job 42 for task dbt_aggregates (Bash command failed. The command returned a non-zero exit code 127.; 373)
[2025-11-10T10:37:15.000+0000] {local_task_job_runner.py:243} INFO - Task exited with return code 1
[2025-11-10T10:37:15.011+0000] {taskinstance.py:3503} INFO - 0 downstream tasks scheduled from follow-on schedule check
[2025-11-10T10:37:15.012+0000] {local_task_job_runner.py:222} INFO - ::endgroup::
