[2025-11-10T10:32:13.334+0000] {local_task_job_runner.py:120} INFO - ::group::Pre task execution logs
[2025-11-10T10:32:13.347+0000] {taskinstance.py:2076} INFO - Dependencies all met for dep_context=non-requeueable deps ti=<TaskInstance: refresh_us_dag.dbt_aggregates manual__2025-11-10T10:30:00.154079+00:00 [queued]>
[2025-11-10T10:32:13.350+0000] {taskinstance.py:2076} INFO - Dependencies all met for dep_context=requeueable deps ti=<TaskInstance: refresh_us_dag.dbt_aggregates manual__2025-11-10T10:30:00.154079+00:00 [queued]>
[2025-11-10T10:32:13.350+0000] {taskinstance.py:2306} INFO - Starting attempt 1 of 2
[2025-11-10T10:32:13.355+0000] {taskinstance.py:2330} INFO - Executing <Task(BashOperator): dbt_aggregates> on 2025-11-10 10:30:00.154079+00:00
[2025-11-10T10:32:13.359+0000] {warnings.py:112} WARNING - /home/***/.local/lib/python3.12/site-packages/***/task/task_runner/standard_task_runner.py:62: DeprecationWarning: This process (pid=361) is multi-threaded, use of fork() may lead to deadlocks in the child.
  pid = os.fork()

[2025-11-10T10:32:13.360+0000] {standard_task_runner.py:64} INFO - Started process 363 to run task
[2025-11-10T10:32:13.361+0000] {standard_task_runner.py:90} INFO - Running: ['***', 'tasks', 'run', 'refresh_us_dag', 'dbt_aggregates', 'manual__2025-11-10T10:30:00.154079+00:00', '--job-id', '40', '--raw', '--subdir', 'DAGS_FOLDER/qi_refresh_us.py', '--cfg-path', '/tmp/tmpj2o9gsol']
[2025-11-10T10:32:13.362+0000] {standard_task_runner.py:91} INFO - Job 40: Subtask dbt_aggregates
[2025-11-10T10:32:13.435+0000] {taskinstance.py:2648} INFO - Exporting env vars: AIRFLOW_CTX_DAG_OWNER='samuel' AIRFLOW_CTX_DAG_ID='refresh_us_dag' AIRFLOW_CTX_TASK_ID='dbt_aggregates' AIRFLOW_CTX_EXECUTION_DATE='2025-11-10T10:30:00.154079+00:00' AIRFLOW_CTX_TRY_NUMBER='1' AIRFLOW_CTX_DAG_RUN_ID='manual__2025-11-10T10:30:00.154079+00:00'
[2025-11-10T10:32:13.436+0000] {taskinstance.py:430} INFO - ::endgroup::
[2025-11-10T10:32:13.443+0000] {subprocess.py:63} INFO - Tmp dir root location: /tmp
[2025-11-10T10:32:13.444+0000] {subprocess.py:75} INFO - Running command: ['/usr/bin/bash', '-c', 'cd /opt/***/dags/src/qi/dbt_project && dbt deps && dbt run --select market.weekly_prices market.monthly_prices market.quarterly_prices']
[2025-11-10T10:32:13.450+0000] {subprocess.py:86} INFO - Output:
[2025-11-10T10:32:13.455+0000] {subprocess.py:93} INFO - /usr/bin/bash: line 1: dbt: command not found
[2025-11-10T10:32:13.455+0000] {subprocess.py:97} INFO - Command exited with return code 127
[2025-11-10T10:32:13.456+0000] {taskinstance.py:441} INFO - ::group::Post task execution logs
[2025-11-10T10:32:13.464+0000] {taskinstance.py:2905} ERROR - Task failed with exception
Traceback (most recent call last):
  File "/home/airflow/.local/lib/python3.12/site-packages/airflow/models/taskinstance.py", line 465, in _execute_task
    result = _execute_callable(context=context, **execute_callable_kwargs)
             ^^^^^^^^^^^^^^^^^^^^^^^^^^^^^^^^^^^^^^^^^^^^^^^^^^^^^^^^^^^^^
  File "/home/airflow/.local/lib/python3.12/site-packages/airflow/models/taskinstance.py", line 432, in _execute_callable
    return execute_callable(context=context, **execute_callable_kwargs)
           ^^^^^^^^^^^^^^^^^^^^^^^^^^^^^^^^^^^^^^^^^^^^^^^^^^^^^^^^^^^^
  File "/home/airflow/.local/lib/python3.12/site-packages/airflow/models/baseoperator.py", line 401, in wrapper
    return func(self, *args, **kwargs)
           ^^^^^^^^^^^^^^^^^^^^^^^^^^^
  File "/home/airflow/.local/lib/python3.12/site-packages/airflow/operators/bash.py", line 243, in execute
    raise AirflowException(
airflow.exceptions.AirflowException: Bash command failed. The command returned a non-zero exit code 127.
[2025-11-10T10:32:13.466+0000] {taskinstance.py:1206} INFO - Marking task as UP_FOR_RETRY. dag_id=refresh_us_dag, task_id=dbt_aggregates, run_id=manual__2025-11-10T10:30:00.154079+00:00, execution_date=20251110T103000, start_date=20251110T103213, end_date=20251110T103213
[2025-11-10T10:32:13.471+0000] {standard_task_runner.py:110} ERROR - Failed to execute job 40 for task dbt_aggregates (Bash command failed. The command returned a non-zero exit code 127.; 363)
[2025-11-10T10:32:13.500+0000] {local_task_job_runner.py:243} INFO - Task exited with return code 1
[2025-11-10T10:32:13.511+0000] {taskinstance.py:3503} INFO - 0 downstream tasks scheduled from follow-on schedule check
[2025-11-10T10:32:13.512+0000] {local_task_job_runner.py:222} INFO - ::endgroup::
